!SESSION 2013-10-21 23:00:27.642 -----------------------------------------------
eclipse.buildId=unknown
java.version=1.7.0_17
java.vendor=Oracle Corporation
BootLoader constants: OS=win32, ARCH=x86, WS=win32, NL=de_DE
Framework arguments:  -product org.jmedikit.plugin.jmedikit -clearPersistedState
Command-line arguments:  -product org.jmedikit.plugin.jmedikit -data C:\Users\rkorb\master_thesis\JMediKit/../runtime-jmedikit.product -dev file:C:/Users/rkorb/master_thesis/JMediKit/.metadata/.plugins/org.eclipse.pde.core/jmedikit.product/dev.properties -os win32 -ws win32 -arch x86 -consoleLog -clearPersistedState

!ENTRY org.eclipse.e4.ui.workbench 4 0 2013-10-21 23:00:29.079
!MESSAGE Internal Error
!STACK 0
java.lang.ClassCastException: java.lang.Integer cannot be cast to org.eclipse.swt.layout.GridData
	at org.eclipse.swt.layout.GridLayout.layout(GridLayout.java:205)
	at org.eclipse.swt.layout.GridLayout.layout(GridLayout.java:194)
	at org.eclipse.swt.widgets.Composite.updateLayout(Composite.java:1291)
	at org.eclipse.swt.widgets.Composite.WM_SIZE(Composite.java:1701)
	at org.eclipse.swt.widgets.Control.windowProc(Control.java:4686)
	at org.eclipse.swt.widgets.Display.windowProc(Display.java:4977)
	at org.eclipse.swt.internal.win32.OS.DefWindowProcW(Native Method)
	at org.eclipse.swt.internal.win32.OS.DefWindowProc(OS.java:2544)
	at org.eclipse.swt.widgets.Scrollable.callWindowProc(Scrollable.java:80)
	at org.eclipse.swt.widgets.Control.WM_WINDOWPOSCHANGED(Control.java:5491)
	at org.eclipse.swt.widgets.Control.windowProc(Control.java:4699)
	at org.eclipse.swt.widgets.Display.windowProc(Display.java:4977)
	at org.eclipse.swt.internal.win32.OS.SetWindowPos(Native Method)
	at org.eclipse.swt.widgets.Widget.SetWindowPos(Widget.java:1461)
	at org.eclipse.swt.widgets.Control.setBounds(Control.java:3144)
	at org.eclipse.swt.widgets.Composite.setBounds(Composite.java:1021)
	at org.eclipse.swt.widgets.Control.setBounds(Control.java:3105)
	at org.eclipse.swt.widgets.Control.setBounds(Control.java:3101)
	at org.eclipse.swt.widgets.Control.setBounds(Control.java:3168)
	at org.eclipse.swt.custom.CTabFolderLayout.layout(CTabFolderLayout.java:113)
	at org.eclipse.swt.widgets.Composite.updateLayout(Composite.java:1291)
	at org.eclipse.swt.widgets.Composite.WM_SIZE(Composite.java:1701)
	at org.eclipse.swt.widgets.Control.windowProc(Control.java:4686)
	at org.eclipse.swt.widgets.Display.windowProc(Display.java:4977)
	at org.eclipse.swt.internal.win32.OS.DefWindowProcW(Native Method)
	at org.eclipse.swt.internal.win32.OS.DefWindowProc(OS.java:2544)
	at org.eclipse.swt.widgets.Scrollable.callWindowProc(Scrollable.java:80)
	at org.eclipse.swt.widgets.Control.WM_WINDOWPOSCHANGED(Control.java:5491)
	at org.eclipse.swt.widgets.Control.windowProc(Control.java:4699)
	at org.eclipse.swt.widgets.Display.windowProc(Display.java:4990)
	at org.eclipse.swt.internal.win32.OS.EndDeferWindowPos(Native Method)
	at org.eclipse.swt.widgets.Composite.resizeChildren(Composite.java:951)
	at org.eclipse.swt.widgets.Composite.resizeChildren(Composite.java:917)
	at org.eclipse.swt.widgets.Composite.setResizeChildren(Composite.java:1128)
	at org.eclipse.swt.widgets.Composite.WM_SIZE(Composite.java:1705)
	at org.eclipse.swt.widgets.Control.windowProc(Control.java:4686)
	at org.eclipse.swt.widgets.Display.windowProc(Display.java:4977)
	at org.eclipse.swt.internal.win32.OS.DefWindowProcW(Native Method)
	at org.eclipse.swt.internal.win32.OS.DefWindowProc(OS.java:2544)
	at org.eclipse.swt.widgets.Scrollable.callWindowProc(Scrollable.java:80)
	at org.eclipse.swt.widgets.Control.WM_WINDOWPOSCHANGED(Control.java:5491)
	at org.eclipse.swt.widgets.Control.windowProc(Control.java:4699)
	at org.eclipse.swt.widgets.Display.windowProc(Display.java:4977)
	at org.eclipse.swt.internal.win32.OS.SetWindowPos(Native Method)
	at org.eclipse.swt.widgets.Widget.SetWindowPos(Widget.java:1461)
	at org.eclipse.swt.widgets.Control.setBounds(Control.java:3144)
	at org.eclipse.swt.widgets.Composite.setBounds(Composite.java:1021)
	at org.eclipse.swt.widgets.Control.setBounds(Control.java:3105)
	at org.eclipse.swt.widgets.Control.setBounds(Control.java:3101)
	at org.eclipse.swt.layout.FillLayout.layout(FillLayout.java:201)
	at org.eclipse.swt.widgets.Composite.updateLayout(Composite.java:1291)
	at org.eclipse.swt.widgets.Composite.updateLayout(Composite.java:1277)
	at org.eclipse.swt.widgets.Composite.setLayoutDeferred(Composite.java:1088)
	at org.eclipse.swt.widgets.Display.runDeferredLayouts(Display.java:4194)
	at org.eclipse.swt.widgets.Display.readAndDispatch(Display.java:3752)
	at org.eclipse.e4.ui.internal.workbench.swt.PartRenderingEngine$9.run(PartRenderingEngine.java:1113)
	at org.eclipse.core.databinding.observable.Realm.runWithDefault(Realm.java:332)
	at org.eclipse.e4.ui.internal.workbench.swt.PartRenderingEngine.run(PartRenderingEngine.java:997)
	at org.eclipse.e4.ui.internal.workbench.E4Workbench.createAndRunUI(E4Workbench.java:138)
	at org.eclipse.e4.ui.internal.workbench.swt.E4Application.start(E4Application.java:162)
	at org.eclipse.equinox.internal.app.EclipseAppHandle.run(EclipseAppHandle.java:196)
	at org.eclipse.core.runtime.internal.adaptor.EclipseAppLauncher.runApplication(EclipseAppLauncher.java:110)
	at org.eclipse.core.runtime.internal.adaptor.EclipseAppLauncher.start(EclipseAppLauncher.java:79)
	at org.eclipse.core.runtime.adaptor.EclipseStarter.run(EclipseStarter.java:354)
	at org.eclipse.core.runtime.adaptor.EclipseStarter.run(EclipseStarter.java:181)
	at sun.reflect.NativeMethodAccessorImpl.invoke0(Native Method)
	at sun.reflect.NativeMethodAccessorImpl.invoke(Unknown Source)
	at sun.reflect.DelegatingMethodAccessorImpl.invoke(Unknown Source)
	at java.lang.reflect.Method.invoke(Unknown Source)
	at org.eclipse.equinox.launcher.Main.invokeFramework(Main.java:636)
	at org.eclipse.equinox.launcher.Main.basicRun(Main.java:591)
	at org.eclipse.equinox.launcher.Main.run(Main.java:1450)
	at org.eclipse.equinox.launcher.Main.main(Main.java:1426)

!ENTRY org.eclipse.e4.ui.workbench 4 0 2013-10-21 23:00:29.141
!MESSAGE Internal Error
!STACK 0
java.lang.ClassCastException: java.lang.Integer cannot be cast to org.eclipse.swt.layout.GridData
	at org.eclipse.swt.layout.GridLayout.layout(GridLayout.java:205)
	at org.eclipse.swt.layout.GridLayout.layout(GridLayout.java:194)
	at org.eclipse.swt.widgets.Composite.updateLayout(Composite.java:1291)
	at org.eclipse.swt.widgets.Composite.WM_SIZE(Composite.java:1701)
	at org.eclipse.swt.widgets.Control.windowProc(Control.java:4686)
	at org.eclipse.swt.widgets.Display.windowProc(Display.java:4977)
	at org.eclipse.swt.internal.win32.OS.DefWindowProcW(Native Method)
	at org.eclipse.swt.internal.win32.OS.DefWindowProc(OS.java:2544)
	at org.eclipse.swt.widgets.Scrollable.callWindowProc(Scrollable.java:80)
	at org.eclipse.swt.widgets.Control.WM_WINDOWPOSCHANGED(Control.java:5491)
	at org.eclipse.swt.widgets.Control.windowProc(Control.java:4699)
	at org.eclipse.swt.widgets.Display.windowProc(Display.java:4977)
	at org.eclipse.swt.internal.win32.OS.EndDeferWindowPos(Native Method)
	at org.eclipse.swt.widgets.Composite.resizeChildren(Composite.java:951)
	at org.eclipse.swt.widgets.Composite.resizeChildren(Composite.java:917)
	at org.eclipse.swt.widgets.Composite.setResizeChildren(Composite.java:1128)
	at org.eclipse.swt.widgets.Composite.updateLayout(Composite.java:1292)
	at org.eclipse.swt.widgets.Composite.updateLayout(Composite.java:1277)
	at org.eclipse.swt.widgets.Composite.layout(Composite.java:666)
	at org.eclipse.swt.widgets.Composite.layout(Composite.java:624)
	at org.eclipse.swt.widgets.Composite.layout(Composite.java:587)
	at org.eclipse.swt.custom.CTabFolder.runUpdate(CTabFolder.java:3731)
	at org.eclipse.swt.custom.CTabItem.getBounds(CTabItem.java:148)
	at org.eclipse.swt.custom.CTabFolder.onPaint(CTabFolder.java:1971)
	at org.eclipse.swt.custom.CTabFolder$1.handleEvent(CTabFolder.java:285)
	at org.eclipse.swt.widgets.EventTable.sendEvent(EventTable.java:84)
	at org.eclipse.swt.widgets.Widget.sendEvent(Widget.java:1057)
	at org.eclipse.swt.widgets.Widget.sendEvent(Widget.java:1081)
	at org.eclipse.swt.widgets.Widget.sendEvent(Widget.java:1066)
	at org.eclipse.swt.widgets.Composite.WM_PAINT(Composite.java:1491)
	at org.eclipse.swt.widgets.Control.windowProc(Control.java:4668)
	at org.eclipse.swt.widgets.Display.windowProc(Display.java:4990)
	at org.eclipse.swt.internal.win32.OS.DispatchMessageW(Native Method)
	at org.eclipse.swt.internal.win32.OS.DispatchMessage(OS.java:2549)
	at org.eclipse.swt.widgets.Display.readAndDispatch(Display.java:3757)
	at org.eclipse.e4.ui.internal.workbench.swt.PartRenderingEngine$9.run(PartRenderingEngine.java:1113)
	at org.eclipse.core.databinding.observable.Realm.runWithDefault(Realm.java:332)
	at org.eclipse.e4.ui.internal.workbench.swt.PartRenderingEngine.run(PartRenderingEngine.java:997)
	at org.eclipse.e4.ui.internal.workbench.E4Workbench.createAndRunUI(E4Workbench.java:138)
	at org.eclipse.e4.ui.internal.workbench.swt.E4Application.start(E4Application.java:162)
	at org.eclipse.equinox.internal.app.EclipseAppHandle.run(EclipseAppHandle.java:196)
	at org.eclipse.core.runtime.internal.adaptor.EclipseAppLauncher.runApplication(EclipseAppLauncher.java:110)
	at org.eclipse.core.runtime.internal.adaptor.EclipseAppLauncher.start(EclipseAppLauncher.java:79)
	at org.eclipse.core.runtime.adaptor.EclipseStarter.run(EclipseStarter.java:354)
	at org.eclipse.core.runtime.adaptor.EclipseStarter.run(EclipseStarter.java:181)
	at sun.reflect.NativeMethodAccessorImpl.invoke0(Native Method)
	at sun.reflect.NativeMethodAccessorImpl.invoke(Unknown Source)
	at sun.reflect.DelegatingMethodAccessorImpl.invoke(Unknown Source)
	at java.lang.reflect.Method.invoke(Unknown Source)
	at org.eclipse.equinox.launcher.Main.invokeFramework(Main.java:636)
	at org.eclipse.equinox.launcher.Main.basicRun(Main.java:591)
	at org.eclipse.equinox.launcher.Main.run(Main.java:1450)
	at org.eclipse.equinox.launcher.Main.main(Main.java:1426)

!ENTRY org.eclipse.e4.ui.workbench 4 0 2013-10-21 23:00:29.141
!MESSAGE Internal Error
!STACK 0
java.lang.ClassCastException: java.lang.Integer cannot be cast to org.eclipse.swt.layout.GridData
	at org.eclipse.swt.layout.GridLayout.layout(GridLayout.java:205)
	at org.eclipse.swt.layout.GridLayout.layout(GridLayout.java:194)
	at org.eclipse.swt.widgets.Composite.updateLayout(Composite.java:1291)
	at org.eclipse.swt.widgets.Composite.WM_SIZE(Composite.java:1701)
	at org.eclipse.swt.widgets.Control.windowProc(Control.java:4686)
	at org.eclipse.swt.widgets.Display.windowProc(Display.java:4977)
	at org.eclipse.swt.internal.win32.OS.DefWindowProcW(Native Method)
	at org.eclipse.swt.internal.win32.OS.DefWindowProc(OS.java:2544)
	at org.eclipse.swt.widgets.Scrollable.callWindowProc(Scrollable.java:80)
	at org.eclipse.swt.widgets.Control.WM_WINDOWPOSCHANGED(Control.java:5491)
	at org.eclipse.swt.widgets.Control.windowProc(Control.java:4699)
	at org.eclipse.swt.widgets.Display.windowProc(Display.java:4977)
	at org.eclipse.swt.internal.win32.OS.EndDeferWindowPos(Native Method)
	at org.eclipse.swt.widgets.Composite.resizeChildren(Composite.java:951)
	at org.eclipse.swt.widgets.Composite.resizeChildren(Composite.java:917)
	at org.eclipse.swt.widgets.Composite.setResizeChildren(Composite.java:1128)
	at org.eclipse.swt.widgets.Composite.updateLayout(Composite.java:1292)
	at org.eclipse.swt.widgets.Composite.updateLayout(Composite.java:1277)
	at org.eclipse.swt.widgets.Composite.layout(Composite.java:666)
	at org.eclipse.swt.widgets.Composite.layout(Composite.java:624)
	at org.eclipse.swt.widgets.Composite.layout(Composite.java:587)
	at org.eclipse.swt.custom.CTabFolder.runUpdate(CTabFolder.java:3731)
	at org.eclipse.swt.custom.CTabItem.getBounds(CTabItem.java:148)
	at org.eclipse.swt.custom.CTabFolder.onPaint(CTabFolder.java:1971)
	at org.eclipse.swt.custom.CTabFolder$1.handleEvent(CTabFolder.java:285)
	at org.eclipse.swt.widgets.EventTable.sendEvent(EventTable.java:84)
	at org.eclipse.swt.widgets.Widget.sendEvent(Widget.java:1057)
	at org.eclipse.swt.widgets.Widget.sendEvent(Widget.java:1081)
	at org.eclipse.swt.widgets.Widget.sendEvent(Widget.java:1066)
	at org.eclipse.swt.widgets.Composite.WM_PAINT(Composite.java:1491)
	at org.eclipse.swt.widgets.Control.windowProc(Control.java:4668)
	at org.eclipse.swt.widgets.Display.windowProc(Display.java:4990)
	at org.eclipse.swt.internal.win32.OS.DispatchMessageW(Native Method)
	at org.eclipse.swt.internal.win32.OS.DispatchMessage(OS.java:2549)
	at org.eclipse.swt.widgets.Display.readAndDispatch(Display.java:3757)
	at org.eclipse.e4.ui.internal.workbench.swt.PartRenderingEngine$9.run(PartRenderingEngine.java:1113)
	at org.eclipse.core.databinding.observable.Realm.runWithDefault(Realm.java:332)
	at org.eclipse.e4.ui.internal.workbench.swt.PartRenderingEngine.run(PartRenderingEngine.java:997)
	at org.eclipse.e4.ui.internal.workbench.E4Workbench.createAndRunUI(E4Workbench.java:138)
	at org.eclipse.e4.ui.internal.workbench.swt.E4Application.start(E4Application.java:162)
	at org.eclipse.equinox.internal.app.EclipseAppHandle.run(EclipseAppHandle.java:196)
	at org.eclipse.core.runtime.internal.adaptor.EclipseAppLauncher.runApplication(EclipseAppLauncher.java:110)
	at org.eclipse.core.runtime.internal.adaptor.EclipseAppLauncher.start(EclipseAppLauncher.java:79)
	at org.eclipse.core.runtime.adaptor.EclipseStarter.run(EclipseStarter.java:354)
	at org.eclipse.core.runtime.adaptor.EclipseStarter.run(EclipseStarter.java:181)
	at sun.reflect.NativeMethodAccessorImpl.invoke0(Native Method)
	at sun.reflect.NativeMethodAccessorImpl.invoke(Unknown Source)
	at sun.reflect.DelegatingMethodAccessorImpl.invoke(Unknown Source)
	at java.lang.reflect.Method.invoke(Unknown Source)
	at org.eclipse.equinox.launcher.Main.invokeFramework(Main.java:636)
	at org.eclipse.equinox.launcher.Main.basicRun(Main.java:591)
	at org.eclipse.equinox.launcher.Main.run(Main.java:1450)
	at org.eclipse.equinox.launcher.Main.main(Main.java:1426)

!ENTRY org.eclipse.e4.ui.workbench 4 0 2013-10-21 23:00:29.157
!MESSAGE Internal Error
!STACK 0
org.eclipse.swt.SWTException: Failed to execute runnable (java.lang.ClassCastException: java.lang.Integer cannot be cast to org.eclipse.swt.layout.GridData)
	at org.eclipse.swt.SWT.error(SWT.java:4397)
	at org.eclipse.swt.SWT.error(SWT.java:4312)
	at org.eclipse.swt.widgets.Synchronizer.runAsyncMessages(Synchronizer.java:138)
	at org.eclipse.swt.widgets.Display.runAsyncMessages(Display.java:4145)
	at org.eclipse.swt.widgets.Display.readAndDispatch(Display.java:3762)
	at org.eclipse.e4.ui.internal.workbench.swt.PartRenderingEngine$9.run(PartRenderingEngine.java:1113)
	at org.eclipse.core.databinding.observable.Realm.runWithDefault(Realm.java:332)
	at org.eclipse.e4.ui.internal.workbench.swt.PartRenderingEngine.run(PartRenderingEngine.java:997)
	at org.eclipse.e4.ui.internal.workbench.E4Workbench.createAndRunUI(E4Workbench.java:138)
	at org.eclipse.e4.ui.internal.workbench.swt.E4Application.start(E4Application.java:162)
	at org.eclipse.equinox.internal.app.EclipseAppHandle.run(EclipseAppHandle.java:196)
	at org.eclipse.core.runtime.internal.adaptor.EclipseAppLauncher.runApplication(EclipseAppLauncher.java:110)
	at org.eclipse.core.runtime.internal.adaptor.EclipseAppLauncher.start(EclipseAppLauncher.java:79)
	at org.eclipse.core.runtime.adaptor.EclipseStarter.run(EclipseStarter.java:354)
	at org.eclipse.core.runtime.adaptor.EclipseStarter.run(EclipseStarter.java:181)
	at sun.reflect.NativeMethodAccessorImpl.invoke0(Native Method)
	at sun.reflect.NativeMethodAccessorImpl.invoke(Unknown Source)
	at sun.reflect.DelegatingMethodAccessorImpl.invoke(Unknown Source)
	at java.lang.reflect.Method.invoke(Unknown Source)
	at org.eclipse.equinox.launcher.Main.invokeFramework(Main.java:636)
	at org.eclipse.equinox.launcher.Main.basicRun(Main.java:591)
	at org.eclipse.equinox.launcher.Main.run(Main.java:1450)
	at org.eclipse.equinox.launcher.Main.main(Main.java:1426)
Caused by: java.lang.ClassCastException: java.lang.Integer cannot be cast to org.eclipse.swt.layout.GridData
	at org.eclipse.swt.layout.GridLayout.layout(GridLayout.java:205)
	at org.eclipse.swt.layout.GridLayout.layout(GridLayout.java:194)
	at org.eclipse.swt.widgets.Composite.updateLayout(Composite.java:1291)
	at org.eclipse.swt.widgets.Composite.updateLayout(Composite.java:1298)
	at org.eclipse.swt.widgets.Composite.updateLayout(Composite.java:1298)
	at org.eclipse.swt.widgets.Composite.updateLayout(Composite.java:1298)
	at org.eclipse.swt.widgets.Composite.updateLayout(Composite.java:1298)
	at org.eclipse.swt.widgets.Composite.updateLayout(Composite.java:1298)
	at org.eclipse.swt.widgets.Composite.updateLayout(Composite.java:1298)
	at org.eclipse.swt.widgets.Composite.updateLayout(Composite.java:1277)
	at org.eclipse.swt.widgets.Composite.layout(Composite.java:666)
	at org.eclipse.e4.ui.workbench.addons.minmax.MinMaxAddon$6$1.run(MinMaxAddon.java:329)
	at org.eclipse.swt.widgets.RunnableLock.run(RunnableLock.java:35)
	at org.eclipse.swt.widgets.Synchronizer.runAsyncMessages(Synchronizer.java:135)
	... 20 more

!ENTRY org.eclipse.e4.ui.workbench 4 0 2013-10-21 23:00:29.173
!MESSAGE Internal Error
!STACK 0
org.eclipse.swt.SWTException: Failed to execute runnable (java.lang.ClassCastException: java.lang.Integer cannot be cast to org.eclipse.swt.layout.GridData)
	at org.eclipse.swt.SWT.error(SWT.java:4397)
	at org.eclipse.swt.SWT.error(SWT.java:4312)
	at org.eclipse.swt.widgets.Synchronizer.runAsyncMessages(Synchronizer.java:138)
	at org.eclipse.swt.widgets.Display.runAsyncMessages(Display.java:4145)
	at org.eclipse.swt.widgets.Display.readAndDispatch(Display.java:3762)
	at org.eclipse.e4.ui.internal.workbench.swt.PartRenderingEngine$9.run(PartRenderingEngine.java:1113)
	at org.eclipse.core.databinding.observable.Realm.runWithDefault(Realm.java:332)
	at org.eclipse.e4.ui.internal.workbench.swt.PartRenderingEngine.run(PartRenderingEngine.java:997)
	at org.eclipse.e4.ui.internal.workbench.E4Workbench.createAndRunUI(E4Workbench.java:138)
	at org.eclipse.e4.ui.internal.workbench.swt.E4Application.start(E4Application.java:162)
	at org.eclipse.equinox.internal.app.EclipseAppHandle.run(EclipseAppHandle.java:196)
	at org.eclipse.core.runtime.internal.adaptor.EclipseAppLauncher.runApplication(EclipseAppLauncher.java:110)
	at org.eclipse.core.runtime.internal.adaptor.EclipseAppLauncher.start(EclipseAppLauncher.java:79)
	at org.eclipse.core.runtime.adaptor.EclipseStarter.run(EclipseStarter.java:354)
	at org.eclipse.core.runtime.adaptor.EclipseStarter.run(EclipseStarter.java:181)
	at sun.reflect.NativeMethodAccessorImpl.invoke0(Native Method)
	at sun.reflect.NativeMethodAccessorImpl.invoke(Unknown Source)
	at sun.reflect.DelegatingMethodAccessorImpl.invoke(Unknown Source)
	at java.lang.reflect.Method.invoke(Unknown Source)
	at org.eclipse.equinox.launcher.Main.invokeFramework(Main.java:636)
	at org.eclipse.equinox.launcher.Main.basicRun(Main.java:591)
	at org.eclipse.equinox.launcher.Main.run(Main.java:1450)
	at org.eclipse.equinox.launcher.Main.main(Main.java:1426)
Caused by: java.lang.ClassCastException: java.lang.Integer cannot be cast to org.eclipse.swt.layout.GridData
	at org.eclipse.swt.layout.GridLayout.layout(GridLayout.java:205)
	at org.eclipse.swt.layout.GridLayout.layout(GridLayout.java:194)
	at org.eclipse.swt.widgets.Composite.updateLayout(Composite.java:1291)
	at org.eclipse.swt.widgets.Composite.updateLayout(Composite.java:1298)
	at org.eclipse.swt.widgets.Composite.updateLayout(Composite.java:1298)
	at org.eclipse.swt.widgets.Composite.updateLayout(Composite.java:1298)
	at org.eclipse.swt.widgets.Composite.updateLayout(Composite.java:1298)
	at org.eclipse.swt.widgets.Composite.updateLayout(Composite.java:1298)
	at org.eclipse.swt.widgets.Composite.updateLayout(Composite.java:1298)
	at org.eclipse.swt.widgets.Composite.updateLayout(Composite.java:1277)
	at org.eclipse.swt.widgets.Composite.layout(Composite.java:666)
	at org.eclipse.e4.ui.workbench.addons.minmax.MinMaxAddon$6$1.run(MinMaxAddon.java:329)
	at org.eclipse.swt.widgets.RunnableLock.run(RunnableLock.java:35)
	at org.eclipse.swt.widgets.Synchronizer.runAsyncMessages(Synchronizer.java:135)
	... 20 more
