!SESSION 2013-10-20 23:40:39.591 -----------------------------------------------
eclipse.buildId=unknown
java.version=1.7.0_17
java.vendor=Oracle Corporation
BootLoader constants: OS=win32, ARCH=x86, WS=win32, NL=de_DE
Framework arguments:  -product org.jmedikit.plugin.jmedikit -clearPersistedState
Command-line arguments:  -product org.jmedikit.plugin.jmedikit -data C:\Users\rkorb\master_thesis\JMediKit/../runtime-jmedikit.product -dev file:C:/Users/rkorb/master_thesis/JMediKit/.metadata/.plugins/org.eclipse.pde.core/jmedikit.product/dev.properties -os win32 -ws win32 -arch x86 -consoleLog -clearPersistedState

!ENTRY org.eclipse.core.jobs 4 2 2013-10-20 23:40:53.635
!MESSAGE An internal error occurred during: "Test".
!STACK 0
org.eclipse.swt.SWTException: Invalid thread access
	at org.eclipse.swt.SWT.error(SWT.java:4397)
	at org.eclipse.swt.SWT.error(SWT.java:4312)
	at org.eclipse.swt.SWT.error(SWT.java:4283)
	at org.eclipse.swt.widgets.Widget.error(Widget.java:472)
	at org.eclipse.swt.widgets.Widget.checkWidget(Widget.java:363)
	at org.eclipse.swt.widgets.ProgressBar.setSelection(ProgressBar.java:316)
	at org.jmedikit.plugin.gui.StatusControl.done(StatusControl.java:42)
	at org.jmedikit.lib.io.DicomImporter.run(DicomImporter.java:146)
	at org.eclipse.core.internal.jobs.Worker.run(Worker.java:53)
