!SESSION 2013-10-18 00:12:49.449 -----------------------------------------------
eclipse.buildId=unknown
java.version=1.7.0_17
java.vendor=Oracle Corporation
BootLoader constants: OS=win32, ARCH=x86, WS=win32, NL=de_DE
Framework arguments:  -product org.jmedikit.plugin.jmedikit -clearPersistedState
Command-line arguments:  -product org.jmedikit.plugin.jmedikit -data C:\Users\rkorb\master_thesis\JMediKit/../runtime-jmedikit.product -dev file:C:/Users/rkorb/master_thesis/JMediKit/.metadata/.plugins/org.eclipse.pde.core/jmedikit.product/dev.properties -os win32 -ws win32 -arch x86 -consoleLog -clearPersistedState

!ENTRY org.eclipse.equinox.event 4 0 2013-10-18 00:12:54.730
!MESSAGE Exception while dispatching event org.osgi.service.event.Event [topic=OpenLocation] to handler org.eclipse.e4.ui.internal.di.UIEventObjectSupplier$UIEventHandler@17cf4f2
!STACK 0
org.eclipse.swt.SWTException: Failed to execute runnable (org.eclipse.e4.core.di.InjectionException: java.lang.NoClassDefFoundError: org/jmedikit/lib/io/DicomImporter)
	at org.eclipse.swt.SWT.error(SWT.java:4397)
	at org.eclipse.swt.SWT.error(SWT.java:4312)
	at org.eclipse.swt.widgets.Synchronizer.syncExec(Synchronizer.java:196)
	at org.eclipse.swt.widgets.Display.syncExec(Display.java:4688)
	at org.eclipse.e4.ui.internal.workbench.swt.E4Application$1.syncExec(E4Application.java:205)
	at org.eclipse.e4.ui.internal.di.UIEventObjectSupplier$UIEventHandler.handleEvent(UIEventObjectSupplier.java:47)
	at org.eclipse.equinox.internal.event.EventHandlerWrapper.handleEvent(EventHandlerWrapper.java:197)
	at org.eclipse.equinox.internal.event.EventHandlerTracker.dispatchEvent(EventHandlerTracker.java:197)
	at org.eclipse.equinox.internal.event.EventHandlerTracker.dispatchEvent(EventHandlerTracker.java:1)
	at org.eclipse.osgi.framework.eventmgr.EventManager.dispatchEvent(EventManager.java:230)
	at org.eclipse.osgi.framework.eventmgr.EventManager$EventThread.run(EventManager.java:340)
Caused by: org.eclipse.e4.core.di.InjectionException: java.lang.NoClassDefFoundError: org/jmedikit/lib/io/DicomImporter
	at org.eclipse.e4.core.internal.di.MethodRequestor.execute(MethodRequestor.java:63)
	at org.eclipse.e4.ui.internal.di.UIEventObjectSupplier$UIEventHandler$1.run(UIEventObjectSupplier.java:49)
	at org.eclipse.swt.widgets.RunnableLock.run(RunnableLock.java:35)
	at org.eclipse.swt.widgets.Synchronizer.runAsyncMessages(Synchronizer.java:135)
	at org.eclipse.swt.widgets.Display.runAsyncMessages(Display.java:4145)
	at org.eclipse.swt.widgets.Display.readAndDispatch(Display.java:3762)
	at org.eclipse.e4.ui.internal.workbench.swt.PartRenderingEngine$9.run(PartRenderingEngine.java:1113)
	at org.eclipse.core.databinding.observable.Realm.runWithDefault(Realm.java:332)
	at org.eclipse.e4.ui.internal.workbench.swt.PartRenderingEngine.run(PartRenderingEngine.java:997)
	at org.eclipse.e4.ui.internal.workbench.E4Workbench.createAndRunUI(E4Workbench.java:138)
	at org.eclipse.e4.ui.internal.workbench.swt.E4Application.start(E4Application.java:162)
	at org.eclipse.equinox.internal.app.EclipseAppHandle.run(EclipseAppHandle.java:196)
	at org.eclipse.core.runtime.internal.adaptor.EclipseAppLauncher.runApplication(EclipseAppLauncher.java:110)
	at org.eclipse.core.runtime.internal.adaptor.EclipseAppLauncher.start(EclipseAppLauncher.java:79)
	at org.eclipse.core.runtime.adaptor.EclipseStarter.run(EclipseStarter.java:354)
	at org.eclipse.core.runtime.adaptor.EclipseStarter.run(EclipseStarter.java:181)
	at sun.reflect.NativeMethodAccessorImpl.invoke0(Native Method)
	at sun.reflect.NativeMethodAccessorImpl.invoke(Unknown Source)
	at sun.reflect.DelegatingMethodAccessorImpl.invoke(Unknown Source)
	at java.lang.reflect.Method.invoke(Unknown Source)
	at org.eclipse.equinox.launcher.Main.invokeFramework(Main.java:636)
	at org.eclipse.equinox.launcher.Main.basicRun(Main.java:591)
	at org.eclipse.equinox.launcher.Main.run(Main.java:1450)
	at org.eclipse.equinox.launcher.Main.main(Main.java:1426)
Caused by: java.lang.NoClassDefFoundError: org/jmedikit/lib/io/DicomImporter
	at org.jmedikit.plugin.gui.DicomBrowserPart.getNotified(DicomBrowserPart.java:18)
	at sun.reflect.NativeMethodAccessorImpl.invoke0(Native Method)
	at sun.reflect.NativeMethodAccessorImpl.invoke(Unknown Source)
	at sun.reflect.DelegatingMethodAccessorImpl.invoke(Unknown Source)
	at java.lang.reflect.Method.invoke(Unknown Source)
	at org.eclipse.e4.core.internal.di.MethodRequestor.execute(MethodRequestor.java:56)
	... 23 more
Caused by: java.lang.ClassNotFoundException: org.jmedikit.lib.io.DicomImporter cannot be found by org.jmedikit.plugin_1.0.0.qualifier
	at org.eclipse.osgi.internal.loader.BundleLoader.findClassInternal(BundleLoader.java:501)
	at org.eclipse.osgi.internal.loader.BundleLoader.findClass(BundleLoader.java:421)
	at org.eclipse.osgi.internal.loader.BundleLoader.findClass(BundleLoader.java:412)
	at org.eclipse.osgi.internal.baseadaptor.DefaultClassLoader.loadClass(DefaultClassLoader.java:107)
	at java.lang.ClassLoader.loadClass(Unknown Source)
	... 29 more

!ENTRY org.eclipse.e4.ui.workbench 4 0 2013-10-18 00:12:54.734
!MESSAGE Internal Error
!STACK 0
org.eclipse.swt.SWTException: Failed to execute runnable (org.eclipse.e4.core.di.InjectionException: java.lang.NoClassDefFoundError: org/jmedikit/lib/io/DicomImporter)
	at org.eclipse.swt.SWT.error(SWT.java:4397)
	at org.eclipse.swt.SWT.error(SWT.java:4312)
	at org.eclipse.swt.widgets.Synchronizer.runAsyncMessages(Synchronizer.java:138)
	at org.eclipse.swt.widgets.Display.runAsyncMessages(Display.java:4145)
	at org.eclipse.swt.widgets.Display.readAndDispatch(Display.java:3762)
	at org.eclipse.e4.ui.internal.workbench.swt.PartRenderingEngine$9.run(PartRenderingEngine.java:1113)
	at org.eclipse.core.databinding.observable.Realm.runWithDefault(Realm.java:332)
	at org.eclipse.e4.ui.internal.workbench.swt.PartRenderingEngine.run(PartRenderingEngine.java:997)
	at org.eclipse.e4.ui.internal.workbench.E4Workbench.createAndRunUI(E4Workbench.java:138)
	at org.eclipse.e4.ui.internal.workbench.swt.E4Application.start(E4Application.java:162)
	at org.eclipse.equinox.internal.app.EclipseAppHandle.run(EclipseAppHandle.java:196)
	at org.eclipse.core.runtime.internal.adaptor.EclipseAppLauncher.runApplication(EclipseAppLauncher.java:110)
	at org.eclipse.core.runtime.internal.adaptor.EclipseAppLauncher.start(EclipseAppLauncher.java:79)
	at org.eclipse.core.runtime.adaptor.EclipseStarter.run(EclipseStarter.java:354)
	at org.eclipse.core.runtime.adaptor.EclipseStarter.run(EclipseStarter.java:181)
	at sun.reflect.NativeMethodAccessorImpl.invoke0(Native Method)
	at sun.reflect.NativeMethodAccessorImpl.invoke(Unknown Source)
	at sun.reflect.DelegatingMethodAccessorImpl.invoke(Unknown Source)
	at java.lang.reflect.Method.invoke(Unknown Source)
	at org.eclipse.equinox.launcher.Main.invokeFramework(Main.java:636)
	at org.eclipse.equinox.launcher.Main.basicRun(Main.java:591)
	at org.eclipse.equinox.launcher.Main.run(Main.java:1450)
	at org.eclipse.equinox.launcher.Main.main(Main.java:1426)
Caused by: org.eclipse.e4.core.di.InjectionException: java.lang.NoClassDefFoundError: org/jmedikit/lib/io/DicomImporter
	at org.eclipse.e4.core.internal.di.MethodRequestor.execute(MethodRequestor.java:63)
	at org.eclipse.e4.ui.internal.di.UIEventObjectSupplier$UIEventHandler$1.run(UIEventObjectSupplier.java:49)
	at org.eclipse.swt.widgets.RunnableLock.run(RunnableLock.java:35)
	at org.eclipse.swt.widgets.Synchronizer.runAsyncMessages(Synchronizer.java:135)
	... 20 more
Caused by: java.lang.NoClassDefFoundError: org/jmedikit/lib/io/DicomImporter
	at org.jmedikit.plugin.gui.DicomBrowserPart.getNotified(DicomBrowserPart.java:18)
	at sun.reflect.NativeMethodAccessorImpl.invoke0(Native Method)
	at sun.reflect.NativeMethodAccessorImpl.invoke(Unknown Source)
	at sun.reflect.DelegatingMethodAccessorImpl.invoke(Unknown Source)
	at java.lang.reflect.Method.invoke(Unknown Source)
	at org.eclipse.e4.core.internal.di.MethodRequestor.execute(MethodRequestor.java:56)
	... 23 more
Caused by: java.lang.ClassNotFoundException: org.jmedikit.lib.io.DicomImporter cannot be found by org.jmedikit.plugin_1.0.0.qualifier
	at org.eclipse.osgi.internal.loader.BundleLoader.findClassInternal(BundleLoader.java:501)
	at org.eclipse.osgi.internal.loader.BundleLoader.findClass(BundleLoader.java:421)
	at org.eclipse.osgi.internal.loader.BundleLoader.findClass(BundleLoader.java:412)
	at org.eclipse.osgi.internal.baseadaptor.DefaultClassLoader.loadClass(DefaultClassLoader.java:107)
	at java.lang.ClassLoader.loadClass(Unknown Source)
	... 29 more
