!SESSION 2013-10-21 17:19:04.858 -----------------------------------------------
eclipse.buildId=unknown
java.version=1.7.0_17
java.vendor=Oracle Corporation
BootLoader constants: OS=win32, ARCH=x86, WS=win32, NL=de_DE
Framework arguments:  -product org.jmedikit.plugin.jmedikit -clearPersistedState
Command-line arguments:  -product org.jmedikit.plugin.jmedikit -data C:\Users\rkorb\master_thesis\JMediKit/../runtime-jmedikit.product -dev file:C:/Users/rkorb/master_thesis/JMediKit/.metadata/.plugins/org.eclipse.pde.core/jmedikit.product/dev.properties -os win32 -ws win32 -arch x86 -consoleLog -clearPersistedState

!ENTRY org.eclipse.core.jobs 4 2 2013-10-21 17:19:10.213
!MESSAGE An internal error occurred during: "Test".
!STACK 0
java.lang.NullPointerException
	at org.jmedikit.lib.core.AbstractDicomObject.getTagData(AbstractDicomObject.java:38)
	at org.jmedikit.lib.io.DicomImporter.importDicomObject(DicomImporter.java:90)
	at org.jmedikit.lib.io.DicomImporter.importDicomFiles(DicomImporter.java:67)
	at org.jmedikit.lib.io.DicomImporter.run(DicomImporter.java:150)
	at org.eclipse.core.internal.jobs.Worker.run(Worker.java:53)

!ENTRY org.eclipse.core.jobs 4 2 2013-10-21 17:19:23.504
!MESSAGE An internal error occurred during: "Test".
!STACK 0
java.lang.NullPointerException
	at org.jmedikit.lib.core.AbstractDicomObject.getTagData(AbstractDicomObject.java:38)
	at org.jmedikit.lib.io.DicomImporter.importDicomObject(DicomImporter.java:90)
	at org.jmedikit.lib.io.DicomImporter.importDicomFiles(DicomImporter.java:67)
	at org.jmedikit.lib.io.DicomImporter.run(DicomImporter.java:150)
	at org.eclipse.core.internal.jobs.Worker.run(Worker.java:53)

!ENTRY org.eclipse.core.jobs 4 2 2013-10-21 17:20:08.263
!MESSAGE An internal error occurred during: "Test".
!STACK 0
java.lang.NullPointerException
	at org.jmedikit.lib.core.AbstractDicomObject.getTagData(AbstractDicomObject.java:38)
	at org.jmedikit.lib.io.DicomImporter.importDicomObject(DicomImporter.java:90)
	at org.jmedikit.lib.io.DicomImporter.importDicomFiles(DicomImporter.java:67)
	at org.jmedikit.lib.io.DicomImporter.run(DicomImporter.java:150)
	at org.eclipse.core.internal.jobs.Worker.run(Worker.java:53)
