!SESSION 2013-10-25 03:10:42.773 -----------------------------------------------
eclipse.buildId=unknown
java.version=1.7.0_17
java.vendor=Oracle Corporation
BootLoader constants: OS=win32, ARCH=x86, WS=win32, NL=de_DE
Framework arguments:  -product org.jmedikit.plugin.jmedikit -clearPersistedState
Command-line arguments:  -product org.jmedikit.plugin.jmedikit -data C:\Users\rkorb\master_thesis\JMediKit/../runtime-jmedikit.product -dev file:C:/Users/rkorb/master_thesis/JMediKit/.metadata/.plugins/org.eclipse.pde.core/jmedikit.product/dev.properties -os win32 -ws win32 -arch x86 -consoleLog -clearPersistedState

!ENTRY org.eclipse.equinox.app 0 0 2013-10-25 03:10:43.600
!MESSAGE Product org.jmedikit.plugin.jmedikit could not be found.

!ENTRY org.jmedikit.plugin 4 0 2013-10-25 03:10:43.718
!MESSAGE FrameworkEvent ERROR
!STACK 0
org.osgi.framework.BundleException: The bundle "org.jmedikit.plugin_1.0.0.qualifier [209]" could not be resolved. Reason: Missing Constraint: Require-Bundle: org.eclipse.e4.tools.services; bundle-version="0.12.0"
	at org.eclipse.osgi.framework.internal.core.AbstractBundle.getResolverError(AbstractBundle.java:1332)
	at org.eclipse.osgi.framework.internal.core.AbstractBundle.getResolutionFailureException(AbstractBundle.java:1316)
	at org.eclipse.osgi.framework.internal.core.BundleHost.startWorker(BundleHost.java:323)
	at org.eclipse.osgi.framework.internal.core.AbstractBundle.resume(AbstractBundle.java:390)
	at org.eclipse.osgi.framework.internal.core.Framework.resumeBundle(Framework.java:1176)
	at org.eclipse.osgi.framework.internal.core.StartLevelManager.resumeBundles(StartLevelManager.java:559)
	at org.eclipse.osgi.framework.internal.core.StartLevelManager.resumeBundles(StartLevelManager.java:544)
	at org.eclipse.osgi.framework.internal.core.StartLevelManager.incFWSL(StartLevelManager.java:457)
	at org.eclipse.osgi.framework.internal.core.StartLevelManager.doSetStartLevel(StartLevelManager.java:243)
	at org.eclipse.osgi.framework.internal.core.StartLevelManager.dispatchEvent(StartLevelManager.java:438)
	at org.eclipse.osgi.framework.internal.core.StartLevelManager.dispatchEvent(StartLevelManager.java:1)
	at org.eclipse.osgi.framework.eventmgr.EventManager.dispatchEvent(EventManager.java:230)
	at org.eclipse.osgi.framework.eventmgr.EventManager$EventThread.run(EventManager.java:340)

!ENTRY org.jmedikit.plugin 4 0 2013-10-25 03:10:43.722
!MESSAGE FrameworkEvent ERROR
!STACK 0
org.osgi.framework.BundleException: The bundle "org.jmedikit.plugin_1.0.0.qualifier [209]" could not be resolved. Reason: Missing Constraint: Require-Bundle: org.eclipse.e4.tools.services; bundle-version="0.12.0"
	at org.eclipse.osgi.framework.internal.core.AbstractBundle.getResolverError(AbstractBundle.java:1332)
	at org.eclipse.osgi.framework.internal.core.AbstractBundle.getResolutionFailureException(AbstractBundle.java:1316)
	at org.eclipse.osgi.framework.internal.core.BundleHost.startWorker(BundleHost.java:323)
	at org.eclipse.osgi.framework.internal.core.AbstractBundle.resume(AbstractBundle.java:390)
	at org.eclipse.osgi.framework.internal.core.Framework.resumeBundle(Framework.java:1176)
	at org.eclipse.osgi.framework.internal.core.StartLevelManager.setBundleSL(StartLevelManager.java:670)
	at org.eclipse.osgi.framework.internal.core.StartLevelManager.dispatchEvent(StartLevelManager.java:435)
	at org.eclipse.osgi.framework.internal.core.StartLevelManager.dispatchEvent(StartLevelManager.java:1)
	at org.eclipse.osgi.framework.eventmgr.EventManager.dispatchEvent(EventManager.java:230)
	at org.eclipse.osgi.framework.eventmgr.EventManager$EventThread.run(EventManager.java:340)

!ENTRY org.eclipse.osgi 2 0 2013-10-25 03:10:43.729
!MESSAGE One or more bundles are not resolved because the following root constraints are not resolved:
!SUBENTRY 1 org.eclipse.osgi 2 0 2013-10-25 03:10:43.729
!MESSAGE Bundle reference:file:/C:/Users/rkorb/master_thesis/JMediKit/org.jmedikit.plugin/ was not resolved.
!SUBENTRY 2 org.jmedikit.plugin 2 0 2013-10-25 03:10:43.729
!MESSAGE Missing required bundle org.eclipse.e4.tools.services_0.12.0.

!ENTRY org.eclipse.osgi 2 0 2013-10-25 03:10:43.733
!MESSAGE The following is a complete list of bundles which are not resolved, see the prior log entry for the root cause if it exists:
!SUBENTRY 1 org.eclipse.osgi 2 0 2013-10-25 03:10:43.733
!MESSAGE Bundle org.jmedikit.plugin_1.0.0.qualifier [209] was not resolved.
!SUBENTRY 2 org.jmedikit.plugin 2 0 2013-10-25 03:10:43.733
!MESSAGE Missing required bundle org.eclipse.e4.tools.services_0.12.0.

!ENTRY org.eclipse.osgi 2 0 2013-10-25 03:10:43.743
!MESSAGE One or more bundles are not resolved because the following root constraints are not resolved:
!SUBENTRY 1 org.eclipse.osgi 2 0 2013-10-25 03:10:43.743
!MESSAGE Bundle reference:file:/C:/Users/rkorb/master_thesis/JMediKit/org.jmedikit.plugin/ was not resolved.
!SUBENTRY 2 org.jmedikit.plugin 2 0 2013-10-25 03:10:43.743
!MESSAGE Missing required bundle org.eclipse.e4.tools.services_0.12.0.

!ENTRY org.eclipse.osgi 2 0 2013-10-25 03:10:43.746
!MESSAGE The following is a complete list of bundles which are not resolved, see the prior log entry for the root cause if it exists:
!SUBENTRY 1 org.eclipse.osgi 2 0 2013-10-25 03:10:43.747
!MESSAGE Bundle org.jmedikit.plugin_1.0.0.qualifier [209] was not resolved.
!SUBENTRY 2 org.jmedikit.plugin 2 0 2013-10-25 03:10:43.747
!MESSAGE Missing required bundle org.eclipse.e4.tools.services_0.12.0.

!ENTRY org.eclipse.osgi 4 0 2013-10-25 03:10:43.749
!MESSAGE Application error
!STACK 1
java.lang.RuntimeException: No application id has been found.
	at org.eclipse.equinox.internal.app.EclipseAppContainer.startDefaultApp(EclipseAppContainer.java:242)
	at org.eclipse.equinox.internal.app.MainApplicationLauncher.run(MainApplicationLauncher.java:29)
	at org.eclipse.core.runtime.internal.adaptor.EclipseAppLauncher.runApplication(EclipseAppLauncher.java:110)
	at org.eclipse.core.runtime.internal.adaptor.EclipseAppLauncher.start(EclipseAppLauncher.java:79)
	at org.eclipse.core.runtime.adaptor.EclipseStarter.run(EclipseStarter.java:354)
	at org.eclipse.core.runtime.adaptor.EclipseStarter.run(EclipseStarter.java:181)
	at sun.reflect.NativeMethodAccessorImpl.invoke0(Native Method)
	at sun.reflect.NativeMethodAccessorImpl.invoke(Unknown Source)
	at sun.reflect.DelegatingMethodAccessorImpl.invoke(Unknown Source)
	at java.lang.reflect.Method.invoke(Unknown Source)
	at org.eclipse.equinox.launcher.Main.invokeFramework(Main.java:636)
	at org.eclipse.equinox.launcher.Main.basicRun(Main.java:591)
	at org.eclipse.equinox.launcher.Main.run(Main.java:1450)
	at org.eclipse.equinox.launcher.Main.main(Main.java:1426)
