!SESSION 2013-12-31 00:26:00.570 -----------------------------------------------
eclipse.buildId=unknown
java.version=1.7.0_45
java.vendor=Oracle Corporation
BootLoader constants: OS=win32, ARCH=x86, WS=win32, NL=de_DE
Framework arguments:  -product org.jmedikit.plugin.jmedikit -clearPersistedState
Command-line arguments:  -product org.jmedikit.plugin.jmedikit -data C:\Users\rkorb\master_thesis\source/../runtime-jmedikit.product -dev file:C:/Users/rkorb/master_thesis/source/.metadata/.plugins/org.eclipse.pde.core/jmedikit.product/dev.properties -os win32 -ws win32 -arch x86 -consoleLog -clearPersistedState

!ENTRY org.eclipse.equinox.app 0 0 2013-12-31 00:26:01.349
!MESSAGE Product org.jmedikit.plugin.jmedikit could not be found.

!ENTRY org.eclipse.osgi 2 0 2013-12-31 00:26:01.440
!MESSAGE One or more bundles are not resolved because the following root constraints are not resolved:
!SUBENTRY 1 org.eclipse.osgi 2 0 2013-12-31 00:26:01.440
!MESSAGE Bundle reference:file:/C:/Users/rkorb/master_thesis/source/org.jmedikit.plugin/ was not resolved.
!SUBENTRY 2 org.jmedikit.plugin 2 0 2013-12-31 00:26:01.440
!MESSAGE Missing required bundle org.eclipse.ui_0.0.0.
!SUBENTRY 2 org.jmedikit.plugin 2 0 2013-12-31 00:26:01.440
!MESSAGE Missing required bundle org.eclipse.e4.tools.services_0.12.0.

!ENTRY org.eclipse.osgi 2 0 2013-12-31 00:26:01.443
!MESSAGE The following is a complete list of bundles which are not resolved, see the prior log entry for the root cause if it exists:
!SUBENTRY 1 org.eclipse.osgi 2 0 2013-12-31 00:26:01.444
!MESSAGE Bundle org.jmedikit.plugin_1.0.0.qualifier [60] was not resolved.
!SUBENTRY 2 org.jmedikit.plugin 2 0 2013-12-31 00:26:01.444
!MESSAGE Missing required bundle org.eclipse.e4.tools.services_0.12.0.
!SUBENTRY 2 org.jmedikit.plugin 2 0 2013-12-31 00:26:01.444
!MESSAGE Missing required bundle org.eclipse.ui_0.0.0.

!ENTRY org.eclipse.osgi 2 0 2013-12-31 00:26:01.456
!MESSAGE One or more bundles are not resolved because the following root constraints are not resolved:
!SUBENTRY 1 org.eclipse.osgi 2 0 2013-12-31 00:26:01.457
!MESSAGE Bundle reference:file:/C:/Users/rkorb/master_thesis/source/org.jmedikit.plugin/ was not resolved.
!SUBENTRY 2 org.jmedikit.plugin 2 0 2013-12-31 00:26:01.457
!MESSAGE Missing required bundle org.eclipse.ui_0.0.0.
!SUBENTRY 2 org.jmedikit.plugin 2 0 2013-12-31 00:26:01.457
!MESSAGE Missing required bundle org.eclipse.e4.tools.services_0.12.0.

!ENTRY org.eclipse.osgi 2 0 2013-12-31 00:26:01.461
!MESSAGE The following is a complete list of bundles which are not resolved, see the prior log entry for the root cause if it exists:
!SUBENTRY 1 org.eclipse.osgi 2 0 2013-12-31 00:26:01.461
!MESSAGE Bundle org.jmedikit.plugin_1.0.0.qualifier [60] was not resolved.
!SUBENTRY 2 org.jmedikit.plugin 2 0 2013-12-31 00:26:01.461
!MESSAGE Missing required bundle org.eclipse.e4.tools.services_0.12.0.
!SUBENTRY 2 org.jmedikit.plugin 2 0 2013-12-31 00:26:01.462
!MESSAGE Missing required bundle org.eclipse.ui_0.0.0.

!ENTRY org.eclipse.osgi 4 0 2013-12-31 00:26:01.467
!MESSAGE Application error
!STACK 1
java.lang.RuntimeException: No application id has been found.
	at org.eclipse.equinox.internal.app.EclipseAppContainer.startDefaultApp(EclipseAppContainer.java:242)
	at org.eclipse.equinox.internal.app.MainApplicationLauncher.run(MainApplicationLauncher.java:29)
	at org.eclipse.core.runtime.internal.adaptor.EclipseAppLauncher.runApplication(EclipseAppLauncher.java:110)
	at org.eclipse.core.runtime.internal.adaptor.EclipseAppLauncher.start(EclipseAppLauncher.java:79)
	at org.eclipse.core.runtime.adaptor.EclipseStarter.run(EclipseStarter.java:354)
	at org.eclipse.core.runtime.adaptor.EclipseStarter.run(EclipseStarter.java:181)
	at sun.reflect.NativeMethodAccessorImpl.invoke0(Native Method)
	at sun.reflect.NativeMethodAccessorImpl.invoke(Unknown Source)
	at sun.reflect.DelegatingMethodAccessorImpl.invoke(Unknown Source)
	at java.lang.reflect.Method.invoke(Unknown Source)
	at org.eclipse.equinox.launcher.Main.invokeFramework(Main.java:636)
	at org.eclipse.equinox.launcher.Main.basicRun(Main.java:591)
	at org.eclipse.equinox.launcher.Main.run(Main.java:1450)
	at org.eclipse.equinox.launcher.Main.main(Main.java:1426)
